<?xml version="1.0" encoding="UTF-8"?>
<!-- Generated by org.testng.reporters.JUnitReportReporter -->
<testsuite hostname="LKCONKWICKRAM02" failures="0" tests="3" name="testCases.TestKeyPressesFunctionality" time="3.687" errors="0" timestamp="2021-07-18T10:43:04 IST" skipped="0">
  <testcase classname="testCases.TestKeyPressesFunctionality" name="testSendKeysFunctionality" time="1.107"/>
  <system-out/>
  <testcase classname="testCases.TestKeyPressesFunctionality" name="testPi" time="1.116"/>
  <system-out/>
  <testcase classname="testCases.TestKeyPressesFunctionality" name="testSlider" time="1.464"/>
  <system-out/>
</testsuite> <!-- testCases.TestKeyPressesFunctionality -->
