<?xml version="1.0" encoding="UTF-8"?>
<!-- Generated by org.testng.reporters.JUnitReportReporter -->
<testsuite hostname="LKCONKWICKRAM02" failures="0" tests="2" name="testCases.TestDynemicallyLodingElements" time="14.778" errors="0" timestamp="2021-07-19T12:50:12 IST" skipped="0">
  <testcase classname="testCases.TestDynemicallyLodingElements" name="loadDinemicallyLoadingElements" time="7.435"/>
  <system-out/>
  <testcase classname="testCases.TestDynemicallyLodingElements" name="waitingForTextLabel" time="7.343"/>
  <system-out/>
</testsuite> <!-- testCases.TestDynemicallyLodingElements -->
