<?xml version="1.0" encoding="UTF-8"?>
<!-- Generated by org.testng.reporters.JUnitReportReporter -->
<testsuite hostname="LKCONKWICKRAM02" failures="0" tests="3" name="testCases.TestAlertsFunctionality" time="3.735" errors="0" timestamp="2021-07-18T10:36:51 IST" skipped="0">
  <testcase classname="testCases.TestAlertsFunctionality" name="testingAlertsFunction" time="1.320"/>
  <system-out/>
  <testcase classname="testCases.TestAlertsFunctionality" name="testingPromptFunction" time="1.153"/>
  <system-out/>
  <testcase classname="testCases.TestAlertsFunctionality" name="testingAlertsCancelFunction" time="1.262"/>
  <system-out/>
</testsuite> <!-- testCases.TestAlertsFunctionality -->
