<?xml version="1.0" encoding="UTF-8"?>
<!-- Generated by org.testng.reporters.JUnitReportReporter -->
<testsuite hostname="LKCONKWICKRAM02" failures="0" tests="1" name="testCases.TestLoginFunctionality" time="3.233" errors="0" timestamp="2021-07-21T11:20:09 IST" skipped="0">
  <testcase classname="testCases.TestLoginFunctionality" name="testLoginSuccessfully" time="3.233"/>
  <system-out/>
</testsuite> <!-- testCases.TestLoginFunctionality -->
