<?xml version="1.0" encoding="UTF-8"?>
<!-- Generated by org.testng.reporters.JUnitReportReporter -->
<testsuite hostname="LKCONKWICKRAM02" failures="0" tests="1" name="testCases.TestWindowUtilitisCheck" time="7.238" errors="0" timestamp="2021-07-20T10:18:19 IST" skipped="0">
  <testcase classname="testCases.TestWindowUtilitisCheck" name="doUtilitiesAction" time="7.238"/>
  <system-out/>
</testsuite> <!-- testCases.TestWindowUtilitisCheck -->
