<?xml version="1.0" encoding="UTF-8"?>
<!-- Generated by org.testng.reporters.JUnitReportReporter -->
<testsuite hostname="LKCONKWICKRAM02" failures="0" tests="1" name="automation.TestCases.TestLoginFunctionality" time="4.525" errors="0" timestamp="2021-07-15T21:58:22 IST" skipped="0">
  <testcase classname="automation.TestCases.TestLoginFunctionality" name="testLoginSuccessfully" time="4.525"/>
  <system-out/>
</testsuite> <!-- automation.TestCases.TestLoginFunctionality -->
