<?xml version="1.0" encoding="UTF-8"?>
<!-- Generated by org.testng.reporters.JUnitReportReporter -->
<testsuite hostname="LKCONKWICKRAM02" failures="0" tests="1" name="testCases.TestAlertsFunctionality" time="2.259" errors="0" timestamp="2021-07-20T22:21:04 IST" skipped="0">
  <testcase classname="testCases.TestAlertsFunctionality" name="testingAlertsFunction" time="2.259"/>
  <system-out/>
</testsuite> <!-- testCases.TestAlertsFunctionality -->
