<?xml version="1.0" encoding="UTF-8"?>
<!-- Generated by org.testng.reporters.JUnitReportReporter -->
<testsuite hostname="LKCONKWICKRAM02" failures="0" tests="1" name="testCases.TestFileUploadFunctionality" time="16.689" errors="0" timestamp="2021-07-18T15:36:01 IST" skipped="0">
  <testcase classname="testCases.TestFileUploadFunctionality" name="testFileUpload" time="16.689"/>
  <system-out/>
</testsuite> <!-- testCases.TestFileUploadFunctionality -->
