<?xml version="1.0" encoding="UTF-8"?>
<!-- Generated by org.testng.reporters.JUnitReportReporter -->
<testsuite hostname="LKCONKWICKRAM02" failures="0" tests="1" name="testCases.TestContextMenuFunctionality" time="1.151" errors="0" timestamp="2021-07-19T16:57:04 IST" skipped="0">
  <testcase classname="testCases.TestContextMenuFunctionality" name="performContextClick" time="1.151"/>
  <system-out/>
</testsuite> <!-- testCases.TestContextMenuFunctionality -->
