<?xml version="1.0" encoding="UTF-8"?>
<!-- Generated by org.testng.reporters.JUnitReportReporter -->
<testsuite hostname="LKCONKWICKRAM02" failures="0" tests="1" name="testCases.TestFileUploadFunctionality" time="61.392" errors="0" timestamp="2021-07-21T11:20:09 IST" skipped="0">
  <testcase classname="testCases.TestFileUploadFunctionality" name="testFileUpload" time="61.392"/>
  <system-out/>
</testsuite> <!-- testCases.TestFileUploadFunctionality -->
