<?xml version="1.0" encoding="UTF-8"?>
<!-- Generated by org.testng.reporters.JUnitReportReporter -->
<testsuite hostname="LKCONKWICKRAM02" failures="0" tests="1" name="testCases.TestDopdownFunctionality" time="0.910" errors="0" timestamp="2021-07-16T15:52:52 IST" skipped="0">
  <testcase classname="testCases.TestDopdownFunctionality" name="selectDropdownOption" time="0.910"/>
  <system-out/>
</testsuite> <!-- testCases.TestDopdownFunctionality -->
