<?xml version="1.0" encoding="UTF-8"?>
<!-- Generated by org.testng.reporters.JUnitReportReporter -->
<testsuite hostname="LKCONKWICKRAM02" failures="0" tests="1" name="testCases.TestLoginFunctionality" time="3.301" errors="0" timestamp="2021-07-15T22:35:30 IST" skipped="0">
  <testcase classname="testCases.TestLoginFunctionality" name="testLoginSuccessfully" time="3.301"/>
  <system-out/>
</testsuite> <!-- testCases.TestLoginFunctionality -->
