<?xml version="1.0" encoding="UTF-8"?>
<!-- Generated by org.testng.reporters.JUnitReportReporter -->
<testsuite hostname="LKCONKWICKRAM02" failures="0" tests="2" name="testCases.TestDynemicallyLodingElements" time="14.153" errors="0" timestamp="2021-07-21T11:20:09 IST" skipped="0">
  <testcase classname="testCases.TestDynemicallyLodingElements" name="loadDinemicallyLoadingElements" time="6.958"/>
  <system-out/>
  <testcase classname="testCases.TestDynemicallyLodingElements" name="waitingForTextLabel" time="7.195"/>
  <system-out/>
</testsuite> <!-- testCases.TestDynemicallyLodingElements -->
