<?xml version="1.0" encoding="UTF-8"?>
<!-- Generated by org.testng.reporters.JUnitReportReporter -->
<testsuite hostname="LKCONKWICKRAM02" failures="0" tests="1" name="testCases.TestPasswordResetFunctionality" time="1.376" errors="0" timestamp="2021-07-16T16:21:31 IST" skipped="0">
  <testcase classname="testCases.TestPasswordResetFunctionality" name="setNewPassword" time="1.376"/>
  <system-out/>
</testsuite> <!-- testCases.TestPasswordResetFunctionality -->
