<?xml version="1.0" encoding="UTF-8"?>
<!-- Generated by org.testng.reporters.JUnitReportReporter -->
<testsuite hostname="LKCONKWICKRAM02" failures="0" tests="1" name="testCases.TestDynemicallyLodingElements" time="7.697" errors="0" timestamp="2021-07-20T22:23:08 IST" skipped="0">
  <testcase classname="testCases.TestDynemicallyLodingElements" name="waitingForTextLabel" time="7.697"/>
  <system-out/>
</testsuite> <!-- testCases.TestDynemicallyLodingElements -->
