<?xml version="1.0" encoding="UTF-8"?>
<!-- Generated by org.testng.reporters.JUnitReportReporter -->
<testsuite hostname="LKCONKWICKRAM02" failures="0" tests="1" name="testCases.TestContextMenuFunctionality" time="1.742" errors="0" timestamp="2021-07-20T22:18:43 IST" skipped="0">
  <testcase classname="testCases.TestContextMenuFunctionality" name="performContextClick" time="1.742"/>
  <system-out/>
</testsuite> <!-- testCases.TestContextMenuFunctionality -->
