<?xml version="1.0" encoding="UTF-8"?>
<!-- Generated by org.testng.reporters.JUnitReportReporter -->
<testsuite hostname="LKCONKWICKRAM02" failures="0" tests="3" name="testCases.TestAlertsFunctionality" time="3.555" errors="0" timestamp="2021-07-21T11:20:09 IST" skipped="0">
  <testcase classname="testCases.TestAlertsFunctionality" name="testingAlertsFunction" time="1.169"/>
  <system-out/>
  <testcase classname="testCases.TestAlertsFunctionality" name="testingPromptFunction" time="1.220"/>
  <system-out/>
  <testcase classname="testCases.TestAlertsFunctionality" name="testingAlertsCancelFunction" time="1.166"/>
  <system-out/>
</testsuite> <!-- testCases.TestAlertsFunctionality -->
