<?xml version="1.0" encoding="UTF-8"?>
<!-- Generated by org.testng.reporters.JUnitReportReporter -->
<testsuite hostname="LKCONKWICKRAM02" failures="0" tests="1" name="testCases.TestScrollExecution" time="2.776" errors="0" timestamp="2021-07-19T14:48:05 IST" skipped="0">
  <testcase classname="testCases.TestScrollExecution" name="tetScrollToFifthParagraph" time="2.776"/>
  <system-out/>
</testsuite> <!-- testCases.TestScrollExecution -->
