<?xml version="1.0" encoding="UTF-8"?>
<!-- Generated by org.testng.reporters.JUnitReportReporter -->
<testsuite hostname="LKCONKWICKRAM02" failures="0" tests="1" name="testCases.TestContextMenuFunctionality" time="0.988" errors="0" timestamp="2021-07-18T16:30:57 IST" skipped="0">
  <testcase classname="testCases.TestContextMenuFunctionality" name="performContextClick" time="0.988"/>
  <system-out/>
</testsuite> <!-- testCases.TestContextMenuFunctionality -->
