<?xml version="1.0" encoding="UTF-8"?>
<!-- Generated by org.testng.reporters.JUnitReportReporter -->
<testsuite hostname="LKCONKWICKRAM02" failures="0" tests="1" name="testCases.TestHoveroverText" time="1.553" errors="0" timestamp="2021-07-20T21:09:43 IST" skipped="0">
  <testcase classname="testCases.TestHoveroverText" name="testHoverUser1" time="1.553"/>
  <system-out/>
</testsuite> <!-- testCases.TestHoveroverText -->
