<?xml version="1.0" encoding="UTF-8"?>
<!-- Generated by org.testng.reporters.JUnitReportReporter -->
<testsuite hostname="LKCONKWICKRAM02" failures="0" tests="1" name="testCases.TestSwitchingBetweenFramesAndEditors" time="13.986" errors="0" timestamp="2021-07-18T18:28:59 IST" skipped="0">
  <testcase classname="testCases.TestSwitchingBetweenFramesAndEditors" name="testAddTextToFrameArea" time="13.986"/>
  <system-out/>
</testsuite> <!-- testCases.TestSwitchingBetweenFramesAndEditors -->
